TN:
SF:/home/vinove/Documents/Attorney-cases/src/polyfills.ts
FNF:0
FNH:0
LF:0
LH:0
BRF:0
BRH:0
end_of_record
TN:
SF:/home/vinove/Documents/Attorney-cases/src/test.ts
FNF:0
FNH:0
DA:13,1
DA:18,1
DA:20,1
LF:3
LH:3
BRF:0
BRH:0
end_of_record
TN:
SF:/home/vinove/Documents/Attorney-cases/src/app/app.component.ts
FN:9,(anonymous_2)
FN:14,AppComponent
FN:15,(anonymous_4)
FN:17,(anonymous_5)
FN:26,(anonymous_6)
FN:34,(anonymous_7)
FNF:6
FNH:6
FNDA:1,(anonymous_2)
FNDA:6,AppComponent
FNDA:10,(anonymous_4)
FNDA:80,(anonymous_5)
FNDA:2,(anonymous_6)
FNDA:4,(anonymous_7)
DA:9,1
DA:10,6
DA:11,6
DA:12,6
DA:13,6
DA:14,6
DA:15,10
DA:16,10
DA:17,10
DA:18,80
DA:19,40
DA:26,1
DA:27,2
DA:28,1
DA:32,1
DA:34,4
DA:35,1
DA:36,1
DA:39,1
LF:19
LH:19
BRDA:18,0,0,40
BRDA:18,0,1,40
BRDA:27,1,0,1
BRDA:27,1,1,1
BRF:4
BRH:4
end_of_record
TN:
SF:/home/vinove/Documents/Attorney-cases/src/app/formListing.ts
FN:1,(anonymous_0)
FNF:1
FNH:1
FNDA:7,(anonymous_0)
DA:1,1
DA:2,6
DA:44,1
LF:3
LH:3
BRF:0
BRH:0
end_of_record
TN:
SF:/home/vinove/Documents/Attorney-cases/src/app/case/case.component.ts
FN:8,(anonymous_2)
FN:10,CaseComponent
FN:12,(anonymous_4)
FNF:3
FNH:3
FNDA:1,(anonymous_2)
FNDA:1,CaseComponent
FNDA:1,(anonymous_4)
DA:8,1
DA:12,1
DA:15,1
LF:3
LH:3
BRF:0
BRH:0
end_of_record
TN:
SF:/home/vinove/Documents/Attorney-cases/src/app/forms/forms-a1/forms-a1.component.ts
FN:9,(anonymous_2)
FN:11,FormsA1Component
FN:13,(anonymous_4)
FNF:3
FNH:3
FNDA:1,(anonymous_2)
FNDA:5,FormsA1Component
FNDA:5,(anonymous_4)
DA:9,1
DA:11,5
DA:13,1
DA:14,5
DA:20,1
LF:5
LH:5
BRF:0
BRH:0
end_of_record
TN:
SF:/home/vinove/Documents/Attorney-cases/src/app/forms/forms-a2/forms-a2.component.ts
FN:9,(anonymous_2)
FN:11,FormsA2Component
FN:13,(anonymous_4)
FNF:3
FNH:3
FNDA:1,(anonymous_2)
FNDA:5,FormsA2Component
FNDA:5,(anonymous_4)
DA:9,1
DA:11,5
DA:13,1
DA:14,5
DA:21,1
LF:5
LH:5
BRF:0
BRH:0
end_of_record
TN:
SF:/home/vinove/Documents/Attorney-cases/src/app/forms/forms-a3/forms-a3.component.ts
FN:9,(anonymous_2)
FN:11,FormsA3Component
FN:15,(anonymous_4)
FNF:3
FNH:3
FNDA:1,(anonymous_2)
FNDA:5,FormsA3Component
FNDA:5,(anonymous_4)
DA:9,1
DA:12,5
DA:15,1
DA:16,5
DA:23,1
LF:5
LH:5
BRF:0
BRH:0
end_of_record
TN:
SF:/home/vinove/Documents/Attorney-cases/src/app/forms/forms-a4/forms-a4.component.ts
FN:9,(anonymous_2)
FN:12,FormsA4Component
FN:14,(anonymous_4)
FNF:3
FNH:3
FNDA:1,(anonymous_2)
FNDA:5,FormsA4Component
FNDA:5,(anonymous_4)
DA:9,1
DA:12,5
DA:14,1
DA:15,5
DA:21,1
LF:5
LH:5
BRF:0
BRH:0
end_of_record
TN:
SF:/home/vinove/Documents/Attorney-cases/src/app/forms/forms-a5/forms-a5.component.ts
FN:9,(anonymous_2)
FN:12,FormsA5Component
FN:14,(anonymous_4)
FNF:3
FNH:3
FNDA:1,(anonymous_2)
FNDA:5,FormsA5Component
FNDA:5,(anonymous_4)
DA:9,1
DA:12,5
DA:14,1
DA:15,5
DA:21,1
LF:5
LH:5
BRF:0
BRH:0
end_of_record
TN:
SF:/home/vinove/Documents/Attorney-cases/src/app/forms/forms-a6/forms-a6.component.ts
FN:9,(anonymous_2)
FN:11,FormsA6Component
FN:15,(anonymous_4)
FNF:3
FNH:3
FNDA:1,(anonymous_2)
FNDA:5,FormsA6Component
FNDA:5,(anonymous_4)
DA:9,1
DA:12,5
DA:15,1
DA:16,5
DA:22,1
LF:5
LH:5
BRF:0
BRH:0
end_of_record
TN:
SF:/home/vinove/Documents/Attorney-cases/src/app/forms/forms-a7/forms-a7.component.ts
FN:9,(anonymous_2)
FN:11,FormsA7Component
FN:13,(anonymous_4)
FNF:3
FNH:3
FNDA:1,(anonymous_2)
FNDA:5,FormsA7Component
FNDA:5,(anonymous_4)
DA:9,1
DA:11,5
DA:13,1
DA:14,5
DA:20,1
LF:5
LH:5
BRF:0
BRH:0
end_of_record
TN:
SF:/home/vinove/Documents/Attorney-cases/src/app/forms/forms-a8/forms-a8.component.ts
FN:9,(anonymous_2)
FN:11,FormsA8Component
FN:13,(anonymous_4)
FNF:3
FNH:3
FNDA:1,(anonymous_2)
FNDA:5,FormsA8Component
FNDA:5,(anonymous_4)
DA:9,1
DA:11,5
DA:13,1
DA:14,5
DA:20,1
LF:5
LH:5
BRF:0
BRH:0
end_of_record
